Invalid Command
Invalid Command
Document name: "main_document"
Number of Paragraphs: 2
The CS dept offers
several courses every 
semester.

Several classes are offered 
every semester. Among them we
can name cmsc131, cmsc132,
cmsc216.
Invalid Command
add_paragraph_after failed
Document name: "main_document"
Number of Paragraphs: 2
The CS dept offers
several courses [every] 
semester.

Several classes are offered 
[every] semester. Among them we
can name cmsc131, cmsc132,
cmsc216.
add_line_after failed
